  FCSW_RS_PRTL.c
d:\work\binhong\projects\zynq7100_sw_16\sw\code\fcsw_mgr\rs\fcsw_rs_prtl.c : warning C4819: The file contains a character that cannot be represented in the current code page (936). Save the file in Unicode format to prevent data loss
d:\work\binhong\projects\zynq7100_sw_16\sw\code\fcsw_mgr\rs\fcsw_rs_prtl.c(21): fatal error C1083: Cannot open include file: 'FCSW_Mgr\RS\FCSW_RS_PRTL.h': No such file or directory
  FCSW_RS_Client.c
d:\work\binhong\projects\zynq7100_sw_16\sw\code\fcsw_mgr\rs\fcsw_rs_client.c(1): fatal error C1083: Cannot open include file: 'FCSW_Mgr\Cfg\FCSW.h': No such file or directory
  FCSW_RS.c
d:\work\binhong\projects\zynq7100_sw_16\sw\code\fcsw_mgr\rs\fcsw_rs.c(1): fatal error C1083: Cannot open include file: 'FCSW_Mgr\RS\FCSW_CheckFrame.h': No such file or directory
  FCSW_CheckFrame.c
d:\work\binhong\projects\zynq7100_sw_16\sw\code\fcsw_mgr\rs\fcsw_checkframe.c : warning C4819: The file contains a character that cannot be represented in the current code page (936). Save the file in Unicode format to prevent data loss
d:\work\binhong\projects\zynq7100_sw_16\sw\code\fcsw_mgr\rs\fcsw_checkframe.c(20): fatal error C1083: Cannot open include file: 'FCSW_Mgr\RS\Buf\AppBuf.h': No such file or directory
  FCSW_RS_PRTL_CMD_Request.c
d:\work\binhong\projects\zynq7100_sw_16\sw\code\fcsw_mgr\rs\cmd\fcsw_rs_prtl_cmd_request.c(22): fatal error C1083: Cannot open include file: 'FCSW_Type.h': No such file or directory
  FCSW_RS_PRTL_CMD_RegRW.c
d:\work\binhong\projects\zynq7100_sw_16\sw\code\fcsw_mgr\rs\cmd\fcsw_rs_prtl_cmd_regrw.c(22): fatal error C1083: Cannot open include file: 'FCSW_Type.h': No such file or directory
  FCSW_RS_PRTL_CMD_QuaryParam.c
d:\work\binhong\projects\zynq7100_sw_16\sw\code\fcsw_mgr\rs\cmd\fcsw_rs_prtl_cmd_quaryparam.c(22): fatal error C1083: Cannot open include file: 'FCSW_Type.h': No such file or directory
  FCSW_RS_PRTL_CMD_FileTrans.c
d:\work\binhong\projects\zynq7100_sw_16\sw\code\fcsw_mgr\rs\cmd\fcsw_rs_prtl_cmd_filetrans.c(21): fatal error C1083: Cannot open include file: 'FCSW_Type.h': No such file or directory
  FCSW_RS_PRTL_CMD_CtrlCmd.c
d:\work\binhong\projects\zynq7100_sw_16\sw\code\fcsw_mgr\rs\cmd\fcsw_rs_prtl_cmd_ctrlcmd.c : warning C4819: The file contains a character that cannot be represented in the current code page (936). Save the file in Unicode format to prevent data loss
d:\work\binhong\projects\zynq7100_sw_16\sw\code\fcsw_mgr\rs\cmd\fcsw_rs_prtl_cmd_ctrlcmd.c(21): fatal error C1083: Cannot open include file: 'FCSW_Type.h': No such file or directory
  PBuf.c
d:\work\binhong\projects\zynq7100_sw_16\sw\code\fcsw_mgr\rs\buf\pbuf.c(20): fatal error C1083: Cannot open include file: 'FCSW_Mgr\RS\Buf\PBuf.h': No such file or directory
  FCSW_REG_LocalBus.c
d:\work\binhong\projects\zynq7100_sw_16\sw\code\fcsw_mgr\reg\fcsw_reg_localbus.c(1): fatal error C1083: Cannot open include file: 'FCSW_Type.h': No such file or directory
  FCSW_REG_AXI.c
d:\work\binhong\projects\zynq7100_sw_16\sw\code\fcsw_mgr\reg\fcsw_reg_axi.c(1): fatal error C1083: Cannot open include file: 'FCSW_Type.h': No such file or directory
  FCSW_PortMgr.c
  FCSW_FuncMgr.c
  FCSW_DIAG_PortStatistics.c
  FCSW_DIAG_PortPepair.c
  FCSW.c
d:\work\binhong\projects\zynq7100_sw_16\sw\code\fcsw_mgr\cfg\fcsw.h : warning C4819: The file contains a character that cannot be represented in the current code page (936). Save the file in Unicode format to prevent data loss
d:\work\binhong\projects\zynq7100_sw_16\sw\code\fcsw_mgr\cfg\fcsw.h(6): fatal error C1083: Cannot open include file: 'FCSW_Type.h': No such file or directory
  Generating Code...
