  FCSW_REG_AXI.c
d:\work\binhong\projects\fc_ly_sw_48\src\zynq7100_sw_16\vsproj\sw\code\fcsw_mgr\cfg\fcsw.h : warning C4819: The file contains a character that cannot be represented in the current code page (936). Save the file in Unicode format to prevent data loss
d:\work\binhong\projects\fc_ly_sw_48\src\zynq7100_sw_16\vsproj\sw\code\fcsw_mgr\rs\fcsw_rs_prtl.h : warning C4819: The file contains a character that cannot be represented in the current code page (936). Save the file in Unicode format to prevent data loss
d:\work\binhong\projects\fc_ly_sw_48\src\zynq7100_sw_16\vsproj\sw\code\fcsw_mgr\reg\fcsw_reg_axi.c(8): warning C4312: 'type cast': conversion from 'u32' to 'volatile u32 *' of greater size
d:\work\binhong\projects\fc_ly_sw_48\src\zynq7100_sw_16\vsproj\sw\code\fcsw_mgr\reg\fcsw_reg_axi.c(9): warning C4013: 'printf' undefined; assuming extern returning int
d:\work\binhong\projects\fc_ly_sw_48\src\zynq7100_sw_16\vsproj\sw\code\fcsw_mgr\reg\fcsw_reg_axi.c(14): warning C4312: 'type cast': conversion from 'u32' to 'volatile u32 *' of greater size
  FCSW_RS_PRTL.c
d:\work\binhong\projects\fc_ly_sw_48\src\zynq7100_sw_16\vsproj\sw\code\fcsw_mgr\rs\fcsw_rs_prtl.c : warning C4819: The file contains a character that cannot be represented in the current code page (936). Save the file in Unicode format to prevent data loss
d:\work\binhong\projects\fc_ly_sw_48\src\zynq7100_sw_16\vsproj\sw\code\fcsw_mgr\rs\fcsw_rs_prtl.h : warning C4819: The file contains a character that cannot be represented in the current code page (936). Save the file in Unicode format to prevent data loss
d:\work\binhong\projects\fc_ly_sw_48\src\zynq7100_sw_16\vsproj\sw\code\fcsw_mgr\cfg\fcsw.h : warning C4819: The file contains a character that cannot be represented in the current code page (936). Save the file in Unicode format to prevent data loss
d:\work\binhong\projects\fc_ly_sw_48\src\zynq7100_sw_16\vsproj\sw\code\fcsw_mgr\rs\fcsw_rs_prtl.c(169): warning C4013: 'printf' undefined; assuming extern returning int
d:\work\binhong\projects\fc_ly_sw_48\src\zynq7100_sw_16\vsproj\sw\code\fcsw_mgr\rs\fcsw_rs_prtl.c(170): warning C4013: 'FCSW_RS_Send' undefined; assuming extern returning int
d:\work\binhong\projects\fc_ly_sw_48\src\zynq7100_sw_16\vsproj\sw\code\fcsw_mgr\rs\fcsw_rs_prtl.c(203): warning C4101: 'i': unreferenced local variable
  FCSW_RS_Client.c
d:\work\binhong\projects\fc_ly_sw_48\src\zynq7100_sw_16\vsproj\sw\code\fcsw_mgr\cfg\fcsw.h : warning C4819: The file contains a character that cannot be represented in the current code page (936). Save the file in Unicode format to prevent data loss
d:\work\binhong\projects\fc_ly_sw_48\src\zynq7100_sw_16\vsproj\sw\code\fcsw_mgr\rs\fcsw_rs_prtl.h : warning C4819: The file contains a character that cannot be represented in the current code page (936). Save the file in Unicode format to prevent data loss
d:\work\binhong\projects\fc_ly_sw_48\src\zynq7100_sw_16\vsproj\sw\code\fcsw_mgr\rs\fcsw_checkframe.h : warning C4819: The file contains a character that cannot be represented in the current code page (936). Save the file in Unicode format to prevent data loss
d:\work\binhong\projects\fc_ly_sw_48\src\zynq7100_sw_16\vsproj\sw\code\fcsw_mgr\rs\fcsw_rs_client.c(29): warning C4013: 'FCSW_RS_Init' undefined; assuming extern returning int
d:\work\binhong\projects\fc_ly_sw_48\src\zynq7100_sw_16\vsproj\sw\code\fcsw_mgr\rs\fcsw_rs_client.c(31): warning C4244: '=': conversion from 'SOCKET' to 'int', possible loss of data
d:\work\binhong\projects\fc_ly_sw_48\src\zynq7100_sw_16\vsproj\sw\code\fcsw_mgr\rs\fcsw_rs_client.c(38): warning C4047: '=': 'ULONG' differs in levels of indirection from 'char [14]'
d:\work\binhong\projects\fc_ly_sw_48\src\zynq7100_sw_16\vsproj\sw\code\fcsw_mgr\rs\fcsw_rs_client.c(65): warning C4013: 'FCSW_RS_CheckFrame' undefined; assuming extern returning int
  FCSW_RS.c
d:\work\binhong\projects\fc_ly_sw_48\src\zynq7100_sw_16\vsproj\sw\code\fcsw_mgr\rs\fcsw_checkframe.h : warning C4819: The file contains a character that cannot be represented in the current code page (936). Save the file in Unicode format to prevent data loss
d:\work\binhong\projects\fc_ly_sw_48\src\zynq7100_sw_16\vsproj\sw\code\fcsw_mgr\rs\fcsw_rs_prtl.h : warning C4819: The file contains a character that cannot be represented in the current code page (936). Save the file in Unicode format to prevent data loss
d:\work\binhong\projects\fc_ly_sw_48\src\zynq7100_sw_16\vsproj\sw\code\fcsw_mgr\cfg\fcsw.h : warning C4819: The file contains a character that cannot be represented in the current code page (936). Save the file in Unicode format to prevent data loss
d:\work\binhong\projects\fc_ly_sw_48\src\zynq7100_sw_16\vsproj\sw\code\fcsw_mgr\rs\fcsw_rs.c(21): warning C4013: 'FCSW_RS_Client_Send' undefined; assuming extern returning int
d:\work\binhong\projects\fc_ly_sw_48\src\zynq7100_sw_16\vsproj\sw\code\fcsw_mgr\rs\fcsw_rs.c(32): warning C4013: 'FCSW_RS_Client_Recv' undefined; assuming extern returning int
  FCSW_CheckFrame.c
d:\work\binhong\projects\fc_ly_sw_48\src\zynq7100_sw_16\vsproj\sw\code\fcsw_mgr\rs\fcsw_checkframe.c : warning C4819: The file contains a character that cannot be represented in the current code page (936). Save the file in Unicode format to prevent data loss
d:\work\binhong\projects\fc_ly_sw_48\src\zynq7100_sw_16\vsproj\sw\code\fcsw_mgr\rs\fcsw_checkframe.h : warning C4819: The file contains a character that cannot be represented in the current code page (936). Save the file in Unicode format to prevent data loss
d:\work\binhong\projects\fc_ly_sw_48\src\zynq7100_sw_16\vsproj\sw\code\fcsw_mgr\rs\fcsw_rs_prtl.h : warning C4819: The file contains a character that cannot be represented in the current code page (936). Save the file in Unicode format to prevent data loss
d:\work\binhong\projects\fc_ly_sw_48\src\zynq7100_sw_16\vsproj\sw\code\fcsw_mgr\cfg\fcsw.h : warning C4819: The file contains a character that cannot be represented in the current code page (936). Save the file in Unicode format to prevent data loss
d:\work\binhong\projects\fc_ly_sw_48\src\zynq7100_sw_16\vsproj\sw\code\fcsw_mgr\rs\fcsw_checkframe.c(185): warning C4013: 'printf' undefined; assuming extern returning int
  FCSW_RS_PRTL_CMD_Request.c
d:\work\binhong\projects\fc_ly_sw_48\src\zynq7100_sw_16\vsproj\sw\code\fcsw_mgr\rs\fcsw_rs_prtl.h : warning C4819: The file contains a character that cannot be represented in the current code page (936). Save the file in Unicode format to prevent data loss
d:\work\binhong\projects\fc_ly_sw_48\src\zynq7100_sw_16\vsproj\sw\code\fcsw_mgr\cfg\fcsw.h : warning C4819: The file contains a character that cannot be represented in the current code page (936). Save the file in Unicode format to prevent data loss
  FCSW_RS_PRTL_CMD_RegRW.c
d:\work\binhong\projects\fc_ly_sw_48\src\zynq7100_sw_16\vsproj\sw\code\fcsw_mgr\rs\fcsw_rs_prtl.h : warning C4819: The file contains a character that cannot be represented in the current code page (936). Save the file in Unicode format to prevent data loss
d:\work\binhong\projects\fc_ly_sw_48\src\zynq7100_sw_16\vsproj\sw\code\fcsw_mgr\cfg\fcsw.h : warning C4819: The file contains a character that cannot be represented in the current code page (936). Save the file in Unicode format to prevent data loss
  FCSW_RS_PRTL_CMD_QuaryParam.c
d:\work\binhong\projects\fc_ly_sw_48\src\zynq7100_sw_16\vsproj\sw\code\fcsw_mgr\rs\fcsw_rs_prtl.h : warning C4819: The file contains a character that cannot be represented in the current code page (936). Save the file in Unicode format to prevent data loss
d:\work\binhong\projects\fc_ly_sw_48\src\zynq7100_sw_16\vsproj\sw\code\fcsw_mgr\cfg\fcsw.h : warning C4819: The file contains a character that cannot be represented in the current code page (936). Save the file in Unicode format to prevent data loss
d:\work\binhong\projects\fc_ly_sw_48\src\zynq7100_sw_16\vsproj\sw\code\fcsw_mgr\rs\cmd\fcsw_rs_prtl_cmd_quaryparam.c(107): warning C4013: 'printf' undefined; assuming extern returning int
d:\work\binhong\projects\fc_ly_sw_48\src\zynq7100_sw_16\vsproj\sw\code\fcsw_mgr\rs\cmd\fcsw_rs_prtl_cmd_quaryparam.c(108): warning C4047: 'function': 'u32' differs in levels of indirection from 'FCSW_STRU *'
d:\work\binhong\projects\fc_ly_sw_48\src\zynq7100_sw_16\vsproj\sw\code\fcsw_mgr\rs\cmd\fcsw_rs_prtl_cmd_quaryparam.c(108): warning C4024: 'Response_Query_SW_Info': different types for formal and actual parameter 3
  FCSW_RS_PRTL_CMD_FileTrans.c
d:\work\binhong\projects\fc_ly_sw_48\src\zynq7100_sw_16\vsproj\sw\code\fcsw_mgr\rs\fcsw_rs_prtl.h : warning C4819: The file contains a character that cannot be represented in the current code page (936). Save the file in Unicode format to prevent data loss
d:\work\binhong\projects\fc_ly_sw_48\src\zynq7100_sw_16\vsproj\sw\code\fcsw_mgr\cfg\fcsw.h : warning C4819: The file contains a character that cannot be represented in the current code page (936). Save the file in Unicode format to prevent data loss
  FCSW_RS_PRTL_CMD_CtrlCmd.c
d:\work\binhong\projects\fc_ly_sw_48\src\zynq7100_sw_16\vsproj\sw\code\fcsw_mgr\rs\cmd\fcsw_rs_prtl_cmd_ctrlcmd.c : warning C4819: The file contains a character that cannot be represented in the current code page (936). Save the file in Unicode format to prevent data loss
d:\work\binhong\projects\fc_ly_sw_48\src\zynq7100_sw_16\vsproj\sw\code\fcsw_mgr\rs\fcsw_rs_prtl.h : warning C4819: The file contains a character that cannot be represented in the current code page (936). Save the file in Unicode format to prevent data loss
d:\work\binhong\projects\fc_ly_sw_48\src\zynq7100_sw_16\vsproj\sw\code\fcsw_mgr\cfg\fcsw.h : warning C4819: The file contains a character that cannot be represented in the current code page (936). Save the file in Unicode format to prevent data loss
  FCSW.c
d:\work\binhong\projects\fc_ly_sw_48\src\zynq7100_sw_16\vsproj\sw\code\fcsw_mgr\cfg\fcsw.h : warning C4819: The file contains a character that cannot be represented in the current code page (936). Save the file in Unicode format to prevent data loss
d:\work\binhong\projects\fc_ly_sw_48\src\zynq7100_sw_16\vsproj\sw\code\fcsw_mgr\rs\fcsw_rs_prtl.h : warning C4819: The file contains a character that cannot be represented in the current code page (936). Save the file in Unicode format to prevent data loss
d:\work\binhong\projects\fc_ly_sw_48\src\zynq7100_sw_16\vsproj\sw\code\fcsw_mgr\rte\fcsw_routemgr.h : warning C4819: The file contains a character that cannot be represented in the current code page (936). Save the file in Unicode format to prevent data loss
d:\work\binhong\projects\fc_ly_sw_48\src\zynq7100_sw_16\vsproj\sw\code\fcsw_mgr\cfg\fcsw.c(33): warning C4305: '=': truncation from 'int' to 'u8'
d:\work\binhong\projects\fc_ly_sw_48\src\zynq7100_sw_16\vsproj\sw\code\fcsw_mgr\cfg\fcsw.c(195): warning C4013: 'FCSW_RS_Recv' undefined; assuming extern returning int
d:\work\binhong\projects\fc_ly_sw_48\src\zynq7100_sw_16\vsproj\sw\code\fcsw_mgr\cfg\fcsw.c(264): warning C4101: 'raddr': unreferenced local variable
d:\work\binhong\projects\fc_ly_sw_48\src\zynq7100_sw_16\vsproj\sw\code\fcsw_mgr\cfg\fcsw.c(262): warning C4101: 'evalue': unreferenced local variable
d:\work\binhong\projects\fc_ly_sw_48\src\zynq7100_sw_16\vsproj\sw\code\fcsw_mgr\cfg\fcsw.c(441): warning C4101: 'raddr': unreferenced local variable
d:\work\binhong\projects\fc_ly_sw_48\src\zynq7100_sw_16\vsproj\sw\code\fcsw_mgr\cfg\fcsw.c(439): warning C4101: 'evalue': unreferenced local variable
d:\work\binhong\projects\fc_ly_sw_48\src\zynq7100_sw_16\vsproj\sw\code\fcsw_mgr\cfg\fcsw.c(513): warning C4101: 'raddr': unreferenced local variable
d:\work\binhong\projects\fc_ly_sw_48\src\zynq7100_sw_16\vsproj\sw\code\fcsw_mgr\cfg\fcsw.c(511): warning C4101: 'evalue': unreferenced local variable
d:\work\binhong\projects\fc_ly_sw_48\src\zynq7100_sw_16\vsproj\sw\code\fcsw_mgr\cfg\fcsw.c(594): warning C4101: 'raddr': unreferenced local variable
d:\work\binhong\projects\fc_ly_sw_48\src\zynq7100_sw_16\vsproj\sw\code\fcsw_mgr\cfg\fcsw.c(592): warning C4101: 'evalue': unreferenced local variable
d:\work\binhong\projects\fc_ly_sw_48\src\zynq7100_sw_16\vsproj\sw\code\fcsw_mgr\cfg\fcsw.c(713): warning C4101: 'raddr': unreferenced local variable
d:\work\binhong\projects\fc_ly_sw_48\src\zynq7100_sw_16\vsproj\sw\code\fcsw_mgr\cfg\fcsw.c(711): warning C4101: 'evalue': unreferenced local variable
d:\work\binhong\projects\fc_ly_sw_48\src\zynq7100_sw_16\vsproj\sw\code\fcsw_mgr\cfg\fcsw.c(827): warning C4101: 'raddr': unreferenced local variable
d:\work\binhong\projects\fc_ly_sw_48\src\zynq7100_sw_16\vsproj\sw\code\fcsw_mgr\cfg\fcsw.c(825): warning C4101: 'evalue': unreferenced local variable
d:\work\binhong\projects\fc_ly_sw_48\src\zynq7100_sw_16\vsproj\sw\code\fcsw_mgr\cfg\fcsw.c(941): warning C4101: 'raddr': unreferenced local variable
d:\work\binhong\projects\fc_ly_sw_48\src\zynq7100_sw_16\vsproj\sw\code\fcsw_mgr\cfg\fcsw.c(939): warning C4101: 'evalue': unreferenced local variable
d:\work\binhong\projects\fc_ly_sw_48\src\zynq7100_sw_16\vsproj\sw\code\fcsw_mgr\cfg\fcsw.c(1030): warning C4101: 'raddr': unreferenced local variable
d:\work\binhong\projects\fc_ly_sw_48\src\zynq7100_sw_16\vsproj\sw\code\fcsw_mgr\cfg\fcsw.c(1028): warning C4101: 'evalue': unreferenced local variable
d:\work\binhong\projects\fc_ly_sw_48\src\zynq7100_sw_16\vsproj\sw\code\fcsw_mgr\cfg\fcsw.c(1121): warning C4101: 'raddr': unreferenced local variable
d:\work\binhong\projects\fc_ly_sw_48\src\zynq7100_sw_16\vsproj\sw\code\fcsw_mgr\cfg\fcsw.c(1119): warning C4101: 'evalue': unreferenced local variable
d:\work\binhong\projects\fc_ly_sw_48\src\zynq7100_sw_16\vsproj\sw\code\fcsw_mgr\cfg\fcsw.c(1210): warning C4101: 'raddr': unreferenced local variable
d:\work\binhong\projects\fc_ly_sw_48\src\zynq7100_sw_16\vsproj\sw\code\fcsw_mgr\cfg\fcsw.c(1208): warning C4101: 'evalue': unreferenced local variable
d:\work\binhong\projects\fc_ly_sw_48\src\zynq7100_sw_16\vsproj\sw\code\fcsw_mgr\cfg\fcsw.c(1301): warning C4101: 'raddr': unreferenced local variable
d:\work\binhong\projects\fc_ly_sw_48\src\zynq7100_sw_16\vsproj\sw\code\fcsw_mgr\cfg\fcsw.c(1299): warning C4101: 'evalue': unreferenced local variable
d:\work\binhong\projects\fc_ly_sw_48\src\zynq7100_sw_16\vsproj\sw\code\fcsw_mgr\cfg\fcsw.c(1382): warning C4101: 'raddr': unreferenced local variable
d:\work\binhong\projects\fc_ly_sw_48\src\zynq7100_sw_16\vsproj\sw\code\fcsw_mgr\cfg\fcsw.c(1380): warning C4101: 'evalue': unreferenced local variable
d:\work\binhong\projects\fc_ly_sw_48\src\zynq7100_sw_16\vsproj\sw\code\fcsw_mgr\cfg\fcsw.c(1458): warning C4101: 'raddr': unreferenced local variable
d:\work\binhong\projects\fc_ly_sw_48\src\zynq7100_sw_16\vsproj\sw\code\fcsw_mgr\cfg\fcsw.c(1456): warning C4101: 'evalue': unreferenced local variable
d:\work\binhong\projects\fc_ly_sw_48\src\zynq7100_sw_16\vsproj\sw\code\fcsw_mgr\cfg\fcsw.c(1563): warning C4101: 'raddr': unreferenced local variable
d:\work\binhong\projects\fc_ly_sw_48\src\zynq7100_sw_16\vsproj\sw\code\fcsw_mgr\cfg\fcsw.c(1561): warning C4101: 'evalue': unreferenced local variable
d:\work\binhong\projects\fc_ly_sw_48\src\zynq7100_sw_16\vsproj\sw\code\fcsw_mgr\cfg\fcsw.c(1655): warning C4101: 'raddr': unreferenced local variable
d:\work\binhong\projects\fc_ly_sw_48\src\zynq7100_sw_16\vsproj\sw\code\fcsw_mgr\cfg\fcsw.c(1653): warning C4101: 'evalue': unreferenced local variable
d:\work\binhong\projects\fc_ly_sw_48\src\zynq7100_sw_16\vsproj\sw\code\fcsw_mgr\cfg\fcsw.c(1757): warning C4101: 'raddr': unreferenced local variable
d:\work\binhong\projects\fc_ly_sw_48\src\zynq7100_sw_16\vsproj\sw\code\fcsw_mgr\cfg\fcsw.c(1755): warning C4101: 'evalue': unreferenced local variable
d:\work\binhong\projects\fc_ly_sw_48\src\zynq7100_sw_16\vsproj\sw\code\fcsw_mgr\cfg\fcsw.c(1838): warning C4101: 'raddr': unreferenced local variable
d:\work\binhong\projects\fc_ly_sw_48\src\zynq7100_sw_16\vsproj\sw\code\fcsw_mgr\cfg\fcsw.c(1836): warning C4101: 'evalue': unreferenced local variable
d:\work\binhong\projects\fc_ly_sw_48\src\zynq7100_sw_16\vsproj\sw\code\fcsw_mgr\cfg\fcsw.c(2297): warning C4101: 'raddr': unreferenced local variable
d:\work\binhong\projects\fc_ly_sw_48\src\zynq7100_sw_16\vsproj\sw\code\fcsw_mgr\cfg\fcsw.c(2295): warning C4101: 'evalue': unreferenced local variable
  Generating Code...
d:\work\binhong\projects\fc_ly_sw_48\src\zynq7100_sw_16\vsproj\sw\code\fcsw_mgr\cfg\fcsw.c(932): warning C4716: 'FCSW_RTE_Config_ISL': must return a value
d:\work\binhong\projects\fc_ly_sw_48\src\zynq7100_sw_16\vsproj\sw\code\fcsw_mgr\cfg\fcsw.c(2446): warning C4716: 'FCSW_File_Trans': must return a value
d:\work\binhong\projects\fc_ly_sw_48\src\zynq7100_sw_16\vsproj\sw\code\fcsw_mgr\cfg\fcsw.c(2456): warning C4716: 'FCSW_Recv_Active_Report': must return a value
     Creating library D:\work\BinHong\Projects\FC_LY_SW_48\src\zynq7100_sw_16\VSProj\SW\x64\Debug\SW.lib and object D:\work\BinHong\Projects\FC_LY_SW_48\src\zynq7100_sw_16\VSProj\SW\x64\Debug\SW.exp
  SW.vcxproj -> D:\work\BinHong\Projects\FC_LY_SW_48\src\zynq7100_sw_16\VSProj\SW\x64\Debug\SW.dll
  SW.vcxproj -> D:\work\BinHong\Projects\FC_LY_SW_48\src\zynq7100_sw_16\VSProj\SW\x64\Debug\SW.pdb (Partial PDB)
